<?xml version="1.0" encoding="UTF-8"?>
<!-- Generated by org.testng.reporters.JUnitXMLReporter -->
<testsuite hostname="Bhargavi" name="Test" tests="11" failures="2" timestamp="16 Jun 2023 08:54:34 GMT" time="0.063" errors="0">
  <testcase name="f" time="0.0" classname="testNGDemo.NewTest"/>
  <testcase name="funA" time="0.016" classname="testNGDemo.TestNGDemo1"/>
  <testcase name="funD" time="0.0" classname="testNGDemo.TestNGDemo2"/>
  <testcase name="funC" time="0.0" classname="testNGDemo.TestNGDemo2"/>
  <testcase name="funB" time="0.0" classname="testNGDemo.TestNGDemo2"/>
  <testcase name="funA" time="0.0" classname="testNGDemo.TestNGDemo2"/>
  <testcase name="funA" time="0.0" classname="testNGDemo.TestNGDemo3"/>
  <testcase name="funC" time="0.0" classname="testNGDemo.TestNGDemo3">
    <skipped/>
  </testcase> <!-- funC -->
  <testcase name="funB" time="0.0" classname="testNGDemo.TestNGDemo3">
    <failure type="java.lang.ArithmeticException" message="/ by zero">
      <![CDATA[java.lang.ArithmeticException: / by zero
	at testNGDemo.TestNGDemo3.funB(TestNGDemo3.java:16)
... Removed 24 stack frames]]>
    </failure>
  </testcase> <!-- funB -->
  <testcase name="loginTest" time="0.0" classname="testNGDemo.TestNGDemo4"/>
  <testcase name="customerDetails" time="0.0" classname="testNGDemo.TestNGDemo4">
    <failure type="java.lang.ArithmeticException" message="/ by zero">
      <![CDATA[java.lang.ArithmeticException: / by zero
	at testNGDemo.TestNGDemo4.customerDetails(TestNGDemo4.java:15)
... Removed 24 stack frames]]>
    </failure>
  </testcase> <!-- customerDetails -->
</testsuite> <!-- Test -->
