<?xml version="1.0" encoding="UTF-8"?>
<testng-results skipped="0" failed="0" total="1" passed="1">
  <reporter-output>
  </reporter-output>
  <suite name="Default suite" duration-ms="53382" started-at="2023-07-04T14:22:13Z" finished-at="2023-07-04T14:23:07Z">
    <groups>
    </groups>
    <test name="Default test" duration-ms="53382" started-at="2023-07-04T14:22:13Z" finished-at="2023-07-04T14:23:07Z">
      <class name="assignments.MultipleWindowsHandling">
        <test-method status="PASS" signature="MultipleWindowsHandlingTest()[pri:0, instance:assignments.MultipleWindowsHandling@17ed40e0]" name="MultipleWindowsHandlingTest" duration-ms="53368" started-at="2023-07-04T19:52:13Z" finished-at="2023-07-04T19:53:07Z">
          <reporter-output>
          </reporter-output>
        </test-method> <!-- MultipleWindowsHandlingTest -->
      </class> <!-- assignments.MultipleWindowsHandling -->
    </test> <!-- Default test -->
  </suite> <!-- Default suite -->
</testng-results>
