<?xml version="1.0" encoding="UTF-8"?>
<!-- Generated by org.testng.reporters.JUnitXMLReporter -->
<testsuite hostname="Bhargavi" name="Regression suite 1" tests="17" failures="2" timestamp="16 Jun 2023 14:53:38 GMT" time="0.193" errors="0">
  <testcase name="funA" time="0.026" classname="testNGDemo.JUnitDemo3"/>
  <testcase name="f" time="0.005" classname="testNGDemo.NewTest"/>
  <testcase name="funA" time="0.002" classname="testNGDemo.TestNGDemo1"/>
  <testcase name="funD" time="0.002" classname="testNGDemo.TestNGDemo2"/>
  <testcase name="funC" time="0.001" classname="testNGDemo.TestNGDemo2"/>
  <testcase name="funB" time="0.001" classname="testNGDemo.TestNGDemo2"/>
  <testcase name="funA" time="0.001" classname="testNGDemo.TestNGDemo2"/>
  <testcase name="funA" time="0.001" classname="testNGDemo.TestNGDemo3"/>
  <testcase name="funC" time="0.002" classname="testNGDemo.TestNGDemo3">
    <skipped/>
  </testcase> <!-- funC -->
  <testcase name="funB" time="0.001" classname="testNGDemo.TestNGDemo3">
    <failure type="java.lang.ArithmeticException" message="/ by zero">
      <![CDATA[java.lang.ArithmeticException: / by zero
	at testNGDemo.TestNGDemo3.funB(TestNGDemo3.java:16)
... Removed 24 stack frames]]>
    </failure>
  </testcase> <!-- funB -->
  <testcase name="loginTest" time="0.001" classname="testNGDemo.TestNGDemo4"/>
  <testcase name="customerDetails" time="0.001" classname="testNGDemo.TestNGDemo4">
    <failure type="java.lang.ArithmeticException" message="/ by zero">
      <![CDATA[java.lang.ArithmeticException: / by zero
	at testNGDemo.TestNGDemo4.customerDetails(TestNGDemo4.java:15)
... Removed 24 stack frames]]>
    </failure>
  </testcase> <!-- customerDetails -->
  <testcase name="funA" time="0.015" classname="testNGDemo.TestNGDemo5"/>
  <testcase name="funA" time="0.003" classname="testNGDemo.TestNGGroupDemo1"/>
  <testcase name="funB" time="0.001" classname="testNGDemo.TestNGGroupDemo1"/>
  <testcase name="funC" time="0.001" classname="testNGDemo.TestNGGroupDemo1"/>
  <testcase name="funD" time="0.0" classname="testNGDemo.TestNGGroupDemo1"/>
</testsuite> <!-- Regression suite 1 -->
